<?xml version="1.0" encoding="UTF-8"?>
<!-- Generated by org.testng.reporters.JUnitReportReporter -->
<testsuite hostname="LAPTOP-DUIBVCQL" failures="0" tests="1" name="tets.BootStrampDropDown" time="7.592" errors="0" timestamp="2025-10-26T20:47:26 IST" skipped="0">
  <testcase classname="tets.BootStrampDropDown" name="test" time="7.592"/>
</testsuite> <!-- tets.BootStrampDropDown -->
