<?xml version="1.0" encoding="UTF-8"?>
<!-- Generated by org.testng.reporters.JUnitReportReporter -->
<testsuite hostname="LAPTOP-DUIBVCQL" failures="0" tests="1" name="tets.LinksRelatedScript" time="111.900" errors="0" timestamp="2025-10-31T01:47:04 IST" skipped="0">
  <testcase classname="tets.LinksRelatedScript" name="testS" time="111.900"/>
</testsuite> <!-- tets.LinksRelatedScript -->
