<?xml version="1.0" encoding="UTF-8"?>
<!-- Generated by org.testng.reporters.JUnitReportReporter -->
<testsuite hostname="LAPTOP-DUIBVCQL" failures="0" tests="1" name="tets.CheckboxSelection" time="11.925" errors="0" timestamp="2025-10-26T23:37:30 IST" skipped="0">
  <testcase classname="tets.CheckboxSelection" name="test" time="11.925"/>
</testsuite> <!-- tets.CheckboxSelection -->
