<?xml version="1.0" encoding="UTF-8"?>
<!-- Generated by org.testng.reporters.JUnitReportReporter -->
<testsuite hostname="LAPTOP-DUIBVCQL" failures="0" tests="1" name="tets.Bootstramp$BootStrampDropDown" time="11.668" errors="0" timestamp="2025-10-26T20:33:42 IST" skipped="0">
  <testcase classname="tets.Bootstramp$BootStrampDropDown" name="test" time="11.668"/>
</testsuite> <!-- tets.Bootstramp$BootStrampDropDown -->
