<?xml version="1.0" encoding="UTF-8"?>
<!-- Generated by org.testng.reporters.JUnitReportReporter -->
<testsuite hostname="LAPTOP-DUIBVCQL" failures="0" tests="1" name="tets.DemoCode" time="7.780" errors="0" timestamp="2025-10-31T19:45:11 IST" skipped="0">
  <testcase classname="tets.DemoCode" name="test" time="7.780"/>
</testsuite> <!-- tets.DemoCode -->
