<?xml version="1.0" encoding="UTF-8"?>
<!-- Generated by org.testng.reporters.JUnitReportReporter -->
<testsuite hostname="LAPTOP-DUIBVCQL" failures="0" tests="1" name="tets.codes" time="9.384" errors="0" timestamp="2025-10-26T01:57:55 IST" skipped="0">
  <testcase classname="tets.codes" name="test2" time="9.384"/>
</testsuite> <!-- tets.codes -->
