<?xml version="1.0" encoding="UTF-8"?>
<!-- Generated by org.testng.reporters.JUnitReportReporter -->
<testsuite hostname="LAPTOP-DUIBVCQL" failures="0" tests="1" name="tets.BootStrampDropDown" time="8.597" errors="0" timestamp="2025-10-26T13:35:45 IST" skipped="0">
  <testcase classname="tets.BootStrampDropDown" name="test" time="8.597"/>
</testsuite> <!-- tets.BootStrampDropDown -->
