<?xml version="1.0" encoding="UTF-8"?>
<!-- Generated by org.testng.reporters.JUnitReportReporter -->
<testsuite hostname="LAPTOP-DUIBVCQL" failures="0" tests="2" name="tets.codes" time="26.083" errors="0" timestamp="2025-10-26T11:54:36 IST" skipped="0">
  <testcase classname="tets.codes" name="test2" time="10.632"/>
  <testcase classname="tets.codes" name="selectDateOnRedbus" time="15.451"/>
</testsuite> <!-- tets.codes -->
