<?xml version="1.0" encoding="UTF-8"?>
<!-- Generated by org.testng.reporters.JUnitReportReporter -->
<testsuite hostname="LAPTOP-DUIBVCQL" failures="0" tests="1" name="tets.GoogleComtest" time="6.387" errors="0" timestamp="2025-10-26T21:24:36 IST" skipped="0">
  <testcase classname="tets.GoogleComtest" name="test" time="6.387"/>
</testsuite> <!-- tets.GoogleComtest -->
