<?xml version="1.0" encoding="UTF-8"?>
<!-- Generated by org.testng.reporters.JUnitReportReporter -->
<testsuite hostname="LAPTOP-DUIBVCQL" failures="0" tests="1" name="tets.DropDownSorting" time="10.354" errors="0" timestamp="2025-10-26T20:56:37 IST" skipped="0">
  <testcase classname="tets.DropDownSorting" name="Test" time="10.354"/>
</testsuite> <!-- tets.DropDownSorting -->
