<?xml version="1.0" encoding="UTF-8"?>
<!-- Generated by org.testng.reporters.JUnitReportReporter -->
<testsuite hostname="LAPTOP-DUIBVCQL" failures="0" tests="1" name="tets.towPlugs" time="24.917" errors="0" timestamp="2025-10-26T22:28:15 IST" skipped="0">
  <testcase classname="tets.towPlugs" name="test" time="24.917"/>
</testsuite> <!-- tets.towPlugs -->
